<?xml version="1.0" encoding="utf-8"?><testsuites name="pytest tests"><testsuite name="pytest" errors="0" failures="0" skipped="0" tests="18" time="18.219" timestamp="2026-05-15T04:56:09.908495+00:00" hostname="agent-env-2e038e86-6c2a-427a-a217-488dd58eac00"><testcase classname="backend.tests.backend_test.TestHealth" name="test_health_ok" time="0.307" /><testcase classname="backend.tests.backend_test.TestLeads" name="test_create_lead" time="0.060" /><testcase classname="backend.tests.backend_test.TestLeads" name="test_create_lead_invalid_email" time="0.049" /><testcase classname="backend.tests.backend_test.TestLeads" name="test_list_leads_contains_created" time="0.051" /><testcase classname="backend.tests.backend_test.TestChatIT" name="test_chat_reply_in_italian" time="4.967" /><testcase classname="backend.tests.backend_test.TestChatIT" name="test_chat_history_persists" time="1.052" /><testcase classname="backend.tests.backend_test.TestChatIT" name="test_chat_invalid_payload" time="0.051" /><testcase classname="backend.tests.backend_test.TestChatEN" name="test_chat_reply_in_english" time="4.210" /><testcase classname="backend.tests.backend_test.TestQuote" name="test_quote_estimate_it" time="6.544" /><testcase classname="backend.tests.backend_test.TestQuote" name="test_quote_persisted_in_leads" time="0.053" /><testcase classname="backend.tests.backend_test.TestQuote" name="test_quote_invalid_email" time="0.047" /><testcase classname="backend.tests.backend_test.TestArticles" name="test_articles_it_list" time="0.045" /><testcase classname="backend.tests.backend_test.TestArticles" name="test_articles_en_list" time="0.050" /><testcase classname="backend.tests.backend_test.TestArticles" name="test_article_detail_it" time="0.048" /><testcase classname="backend.tests.backend_test.TestArticles" name="test_article_detail_en" time="0.050" /><testcase classname="backend.tests.backend_test.TestArticles" name="test_article_404" time="0.048" /><testcase classname="backend.tests.backend_test.TestOG" name="test_og_png" time="0.190" /><testcase classname="backend.tests.backend_test.TestSitemap" name="test_sitemap_xml" time="0.064" /></testsuite></testsuites>